discarding /curc/sw/python/3.5.1/bin from PATH
prepending /projects/akar9135/sample/bin to PATH
I tensorflow/stream_executor/dso_loader.cc:128] successfully opened CUDA library libcublas.so locally
I tensorflow/stream_executor/dso_loader.cc:128] successfully opened CUDA library libcudnn.so locally
I tensorflow/stream_executor/dso_loader.cc:128] successfully opened CUDA library libcufft.so locally
I tensorflow/stream_executor/dso_loader.cc:128] successfully opened CUDA library libcuda.so.1 locally
I tensorflow/stream_executor/dso_loader.cc:128] successfully opened CUDA library libcurand.so locally
I tensorflow/core/common_runtime/gpu/gpu_device.cc:885] Found device 0 with properties: 
name: Tesla K80
major: 3 minor: 7 memoryClockRate (GHz) 0.8235
pciBusID 0000:04:00.0
Total memory: 11.92GiB
Free memory: 11.86GiB
W tensorflow/stream_executor/cuda/cuda_driver.cc:590] creating context when one is currently active; existing: 0x64d6200
I tensorflow/core/common_runtime/gpu/gpu_device.cc:885] Found device 1 with properties: 
name: Tesla K80
major: 3 minor: 7 memoryClockRate (GHz) 0.8235
pciBusID 0000:05:00.0
Total memory: 11.92GiB
Free memory: 11.86GiB
W tensorflow/stream_executor/cuda/cuda_driver.cc:590] creating context when one is currently active; existing: 0x64d9b80
I tensorflow/core/common_runtime/gpu/gpu_device.cc:885] Found device 2 with properties: 
name: Tesla K80
major: 3 minor: 7 memoryClockRate (GHz) 0.8235
pciBusID 0000:84:00.0
Total memory: 11.92GiB
Free memory: 11.86GiB
W tensorflow/stream_executor/cuda/cuda_driver.cc:590] creating context when one is currently active; existing: 0x64dd500
I tensorflow/core/common_runtime/gpu/gpu_device.cc:885] Found device 3 with properties: 
name: Tesla K80
major: 3 minor: 7 memoryClockRate (GHz) 0.8235
pciBusID 0000:85:00.0
Total memory: 11.92GiB
Free memory: 11.85GiB
I tensorflow/core/common_runtime/gpu/gpu_device.cc:777] Peer access not supported between device ordinals 0 and 2
I tensorflow/core/common_runtime/gpu/gpu_device.cc:777] Peer access not supported between device ordinals 0 and 3
I tensorflow/core/common_runtime/gpu/gpu_device.cc:777] Peer access not supported between device ordinals 1 and 2
I tensorflow/core/common_runtime/gpu/gpu_device.cc:777] Peer access not supported between device ordinals 1 and 3
I tensorflow/core/common_runtime/gpu/gpu_device.cc:777] Peer access not supported between device ordinals 2 and 0
I tensorflow/core/common_runtime/gpu/gpu_device.cc:777] Peer access not supported between device ordinals 2 and 1
I tensorflow/core/common_runtime/gpu/gpu_device.cc:777] Peer access not supported between device ordinals 3 and 0
I tensorflow/core/common_runtime/gpu/gpu_device.cc:777] Peer access not supported between device ordinals 3 and 1
I tensorflow/core/common_runtime/gpu/gpu_device.cc:906] DMA: 0 1 2 3 
I tensorflow/core/common_runtime/gpu/gpu_device.cc:916] 0:   Y Y N N 
I tensorflow/core/common_runtime/gpu/gpu_device.cc:916] 1:   Y Y N N 
I tensorflow/core/common_runtime/gpu/gpu_device.cc:916] 2:   N N Y Y 
I tensorflow/core/common_runtime/gpu/gpu_device.cc:916] 3:   N N Y Y 
I tensorflow/core/common_runtime/gpu/gpu_device.cc:975] Creating TensorFlow device (/gpu:0) -> (device: 0, name: Tesla K80, pci bus id: 0000:04:00.0)
I tensorflow/core/common_runtime/gpu/gpu_device.cc:975] Creating TensorFlow device (/gpu:1) -> (device: 1, name: Tesla K80, pci bus id: 0000:05:00.0)
I tensorflow/core/common_runtime/gpu/gpu_device.cc:975] Creating TensorFlow device (/gpu:2) -> (device: 2, name: Tesla K80, pci bus id: 0000:84:00.0)
I tensorflow/core/common_runtime/gpu/gpu_device.cc:975] Creating TensorFlow device (/gpu:3) -> (device: 3, name: Tesla K80, pci bus id: 0000:85:00.0)
I tensorflow/core/common_runtime/bfc_allocator.cc:643] Bin (256): 	Total Chunks: 0, Chunks in use: 0 0B allocated for chunks. 0B client-requested for chunks. 0B in use in bin. 0B client-requested in use in bin.
I tensorflow/core/common_runtime/bfc_allocator.cc:643] Bin (512): 	Total Chunks: 0, Chunks in use: 0 0B allocated for chunks. 0B client-requested for chunks. 0B in use in bin. 0B client-requested in use in bin.
I tensorflow/core/common_runtime/bfc_allocator.cc:643] Bin (1024): 	Total Chunks: 1, Chunks in use: 0 1.0KiB allocated for chunks. 796B client-requested for chunks. 0B in use in bin. 0B client-requested in use in bin.
I tensorflow/core/common_runtime/bfc_allocator.cc:643] Bin (2048): 	Total Chunks: 0, Chunks in use: 0 0B allocated for chunks. 0B client-requested for chunks. 0B in use in bin. 0B client-requested in use in bin.
I tensorflow/core/common_runtime/bfc_allocator.cc:643] Bin (4096): 	Total Chunks: 0, Chunks in use: 0 0B allocated for chunks. 0B client-requested for chunks. 0B in use in bin. 0B client-requested in use in bin.
I tensorflow/core/common_runtime/bfc_allocator.cc:643] Bin (8192): 	Total Chunks: 0, Chunks in use: 0 0B allocated for chunks. 0B client-requested for chunks. 0B in use in bin. 0B client-requested in use in bin.
I tensorflow/core/common_runtime/bfc_allocator.cc:643] Bin (16384): 	Total Chunks: 0, Chunks in use: 0 0B allocated for chunks. 0B client-requested for chunks. 0B in use in bin. 0B client-requested in use in bin.
I tensorflow/core/common_runtime/bfc_allocator.cc:643] Bin (32768): 	Total Chunks: 0, Chunks in use: 0 0B allocated for chunks. 0B client-requested for chunks. 0B in use in bin. 0B client-requested in use in bin.
I tensorflow/core/common_runtime/bfc_allocator.cc:643] Bin (65536): 	Total Chunks: 0, Chunks in use: 0 0B allocated for chunks. 0B client-requested for chunks. 0B in use in bin. 0B client-requested in use in bin.
I tensorflow/core/common_runtime/bfc_allocator.cc:643] Bin (131072): 	Total Chunks: 0, Chunks in use: 0 0B allocated for chunks. 0B client-requested for chunks. 0B in use in bin. 0B client-requested in use in bin.
I tensorflow/core/common_runtime/bfc_allocator.cc:643] Bin (262144): 	Total Chunks: 0, Chunks in use: 0 0B allocated for chunks. 0B client-requested for chunks. 0B in use in bin. 0B client-requested in use in bin.
I tensorflow/core/common_runtime/bfc_allocator.cc:643] Bin (524288): 	Total Chunks: 0, Chunks in use: 0 0B allocated for chunks. 0B client-requested for chunks. 0B in use in bin. 0B client-requested in use in bin.
I tensorflow/core/common_runtime/bfc_allocator.cc:643] Bin (1048576): 	Total Chunks: 0, Chunks in use: 0 0B allocated for chunks. 0B client-requested for chunks. 0B in use in bin. 0B client-requested in use in bin.
I tensorflow/core/common_runtime/bfc_allocator.cc:643] Bin (2097152): 	Total Chunks: 0, Chunks in use: 0 0B allocated for chunks. 0B client-requested for chunks. 0B in use in bin. 0B client-requested in use in bin.
I tensorflow/core/common_runtime/bfc_allocator.cc:643] Bin (4194304): 	Total Chunks: 0, Chunks in use: 0 0B allocated for chunks. 0B client-requested for chunks. 0B in use in bin. 0B client-requested in use in bin.
I tensorflow/core/common_runtime/bfc_allocator.cc:643] Bin (8388608): 	Total Chunks: 0, Chunks in use: 0 0B allocated for chunks. 0B client-requested for chunks. 0B in use in bin. 0B client-requested in use in bin.
I tensorflow/core/common_runtime/bfc_allocator.cc:643] Bin (16777216): 	Total Chunks: 0, Chunks in use: 0 0B allocated for chunks. 0B client-requested for chunks. 0B in use in bin. 0B client-requested in use in bin.
I tensorflow/core/common_runtime/bfc_allocator.cc:643] Bin (33554432): 	Total Chunks: 0, Chunks in use: 0 0B allocated for chunks. 0B client-requested for chunks. 0B in use in bin. 0B client-requested in use in bin.
I tensorflow/core/common_runtime/bfc_allocator.cc:643] Bin (67108864): 	Total Chunks: 0, Chunks in use: 0 0B allocated for chunks. 0B client-requested for chunks. 0B in use in bin. 0B client-requested in use in bin.
I tensorflow/core/common_runtime/bfc_allocator.cc:643] Bin (134217728): 	Total Chunks: 0, Chunks in use: 0 0B allocated for chunks. 0B client-requested for chunks. 0B in use in bin. 0B client-requested in use in bin.
I tensorflow/core/common_runtime/bfc_allocator.cc:643] Bin (268435456): 	Total Chunks: 1, Chunks in use: 0 11.16GiB allocated for chunks. 4B client-requested for chunks. 0B in use in bin. 0B client-requested in use in bin.
I tensorflow/core/common_runtime/bfc_allocator.cc:660] Bin for 20.54GiB was 256.00MiB, Chunk State: 
I tensorflow/core/common_runtime/bfc_allocator.cc:666]   Size: 11.16GiB | Requested Size: 4B | in_use: 0, prev:   Size: 105.17MiB | Requested Size: 105.17MiB | in_use: 1
I tensorflow/core/common_runtime/bfc_allocator.cc:678] Chunk at 0x2314380000 of size 1280
I tensorflow/core/common_runtime/bfc_allocator.cc:678] Chunk at 0x2314380500 of size 1024
I tensorflow/core/common_runtime/bfc_allocator.cc:678] Chunk at 0x2314380900 of size 1024
I tensorflow/core/common_runtime/bfc_allocator.cc:678] Chunk at 0x2314380d00 of size 1024
I tensorflow/core/common_runtime/bfc_allocator.cc:678] Chunk at 0x2314381100 of size 1024
I tensorflow/core/common_runtime/bfc_allocator.cc:678] Chunk at 0x2314381500 of size 1024
I tensorflow/core/common_runtime/bfc_allocator.cc:678] Chunk at 0x2314381900 of size 256
I tensorflow/core/common_runtime/bfc_allocator.cc:678] Chunk at 0x2314381a00 of size 256
I tensorflow/core/common_runtime/bfc_allocator.cc:678] Chunk at 0x2314381b00 of size 1024
I tensorflow/core/common_runtime/bfc_allocator.cc:678] Chunk at 0x2314382300 of size 110283776
I tensorflow/core/common_runtime/bfc_allocator.cc:687] Free at 0x2314381f00 of size 1024
I tensorflow/core/common_runtime/bfc_allocator.cc:687] Free at 0x231acaef00 of size 11982871808
I tensorflow/core/common_runtime/bfc_allocator.cc:693]      Summary of in-use Chunks by size: 
I tensorflow/core/common_runtime/bfc_allocator.cc:696] 2 Chunks of size 256 totalling 512B
I tensorflow/core/common_runtime/bfc_allocator.cc:696] 6 Chunks of size 1024 totalling 6.0KiB
I tensorflow/core/common_runtime/bfc_allocator.cc:696] 1 Chunks of size 1280 totalling 1.2KiB
I tensorflow/core/common_runtime/bfc_allocator.cc:696] 1 Chunks of size 110283776 totalling 105.17MiB
I tensorflow/core/common_runtime/bfc_allocator.cc:700] Sum Total of in-use chunks: 105.18MiB
I tensorflow/core/common_runtime/bfc_allocator.cc:702] Stats: 
Limit:                 12093164749
InUse:                   110291712
MaxInUse:                248150528
NumAllocs:                      29
MaxAllocSize:            110283776

W tensorflow/core/common_runtime/bfc_allocator.cc:274] *___________________________________________________________________________________________________
W tensorflow/core/common_runtime/bfc_allocator.cc:275] Ran out of memory trying to allocate 20.54GiB.  See logs for memory state.
W tensorflow/core/framework/op_kernel.cc:975] Resource exhausted: OOM when allocating tensor with shape[200,27570928]
W tensorflow/core/framework/op_kernel.cc:975] Resource exhausted: OOM when allocating tensor with shape[200,27570928]
	 [[Node: auc/Tile = Tile[T=DT_FLOAT, Tmultiples=DT_INT32, _device="/job:localhost/replica:0/task:0/gpu:0"](auc/ExpandDims, auc/pack)]]
I tensorflow/core/common_runtime/bfc_allocator.cc:643] Bin (256): 	Total Chunks: 0, Chunks in use: 0 0B allocated for chunks. 0B client-requested for chunks. 0B in use in bin. 0B client-requested in use in bin.
I tensorflow/core/common_runtime/bfc_allocator.cc:643] Bin (512): 	Total Chunks: 0, Chunks in use: 0 0B allocated for chunks. 0B client-requested for chunks. 0B in use in bin. 0B client-requested in use in bin.
I tensorflow/core/common_runtime/bfc_allocator.cc:643] Bin (1024): 	Total Chunks: 1, Chunks in use: 0 1.0KiB allocated for chunks. 796B client-requested for chunks. 0B in use in bin. 0B client-requested in use in bin.
I tensorflow/core/common_runtime/bfc_allocator.cc:643] Bin (2048): 	Total Chunks: 0, Chunks in use: 0 0B allocated for chunks. 0B client-requested for chunks. 0B in use in bin. 0B client-requested in use in bin.
I tensorflow/core/common_runtime/bfc_allocator.cc:643] Bin (4096): 	Total Chunks: 0, Chunks in use: 0 0B allocated for chunks. 0B client-requested for chunks. 0B in use in bin. 0B client-requested in use in bin.
I tensorflow/core/common_runtime/bfc_allocator.cc:643] Bin (8192): 	Total Chunks: 0, Chunks in use: 0 0B allocated for chunks. 0B client-requested for chunks. 0B in use in bin. 0B client-requested in use in bin.
I tensorflow/core/common_runtime/bfc_allocator.cc:643] Bin (16384): 	Total Chunks: 0, Chunks in use: 0 0B allocated for chunks. 0B client-requested for chunks. 0B in use in bin. 0B client-requested in use in bin.
I tensorflow/core/common_runtime/bfc_allocator.cc:643] Bin (32768): 	Total Chunks: 0, Chunks in use: 0 0B allocated for chunks. 0B client-requested for chunks. 0B in use in bin. 0B client-requested in use in bin.
I tensorflow/core/common_runtime/bfc_allocator.cc:643] Bin (65536): 	Total Chunks: 0, Chunks in use: 0 0B allocated for chunks. 0B client-requested for chunks. 0B in use in bin. 0B client-requested in use in bin.
I tensorflow/core/common_runtime/bfc_allocator.cc:643] Bin (131072): 	Total Chunks: 0, Chunks in use: 0 0B allocated for chunks. 0B client-requested for chunks. 0B in use in bin. 0B client-requested in use in bin.
I tensorflow/core/common_runtime/bfc_allocator.cc:643] Bin (262144): 	Total Chunks: 0, Chunks in use: 0 0B allocated for chunks. 0B client-requested for chunks. 0B in use in bin. 0B client-requested in use in bin.
I tensorflow/core/common_runtime/bfc_allocator.cc:643] Bin (524288): 	Total Chunks: 0, Chunks in use: 0 0B allocated for chunks. 0B client-requested for chunks. 0B in use in bin. 0B client-requested in use in bin.
I tensorflow/core/common_runtime/bfc_allocator.cc:643] Bin (1048576): 	Total Chunks: 0, Chunks in use: 0 0B allocated for chunks. 0B client-requested for chunks. 0B in use in bin. 0B client-requested in use in bin.
I tensorflow/core/common_runtime/bfc_allocator.cc:643] Bin (2097152): 	Total Chunks: 0, Chunks in use: 0 0B allocated for chunks. 0B client-requested for chunks. 0B in use in bin. 0B client-requested in use in bin.
I tensorflow/core/common_runtime/bfc_allocator.cc:643] Bin (4194304): 	Total Chunks: 0, Chunks in use: 0 0B allocated for chunks. 0B client-requested for chunks. 0B in use in bin. 0B client-requested in use in bin.
I tensorflow/core/common_runtime/bfc_allocator.cc:643] Bin (8388608): 	Total Chunks: 0, Chunks in use: 0 0B allocated for chunks. 0B client-requested for chunks. 0B in use in bin. 0B client-requested in use in bin.
I tensorflow/core/common_runtime/bfc_allocator.cc:643] Bin (16777216): 	Total Chunks: 0, Chunks in use: 0 0B allocated for chunks. 0B client-requested for chunks. 0B in use in bin. 0B client-requested in use in bin.
I tensorflow/core/common_runtime/bfc_allocator.cc:643] Bin (33554432): 	Total Chunks: 0, Chunks in use: 0 0B allocated for chunks. 0B client-requested for chunks. 0B in use in bin. 0B client-requested in use in bin.
I tensorflow/core/common_runtime/bfc_allocator.cc:643] Bin (67108864): 	Total Chunks: 0, Chunks in use: 0 0B allocated for chunks. 0B client-requested for chunks. 0B in use in bin. 0B client-requested in use in bin.
I tensorflow/core/common_runtime/bfc_allocator.cc:643] Bin (134217728): 	Total Chunks: 0, Chunks in use: 0 0B allocated for chunks. 0B client-requested for chunks. 0B in use in bin. 0B client-requested in use in bin.
I tensorflow/core/common_runtime/bfc_allocator.cc:643] Bin (268435456): 	Total Chunks: 1, Chunks in use: 0 11.16GiB allocated for chunks. 4B client-requested for chunks. 0B in use in bin. 0B client-requested in use in bin.
I tensorflow/core/common_runtime/bfc_allocator.cc:660] Bin for 20.54GiB was 256.00MiB, Chunk State: 
I tensorflow/core/common_runtime/bfc_allocator.cc:666]   Size: 11.16GiB | Requested Size: 4B | in_use: 0, prev:   Size: 105.17MiB | Requested Size: 105.17MiB | in_use: 1
I tensorflow/core/common_runtime/bfc_allocator.cc:678] Chunk at 0x2314380000 of size 1280
I tensorflow/core/common_runtime/bfc_allocator.cc:678] Chunk at 0x2314380500 of size 1024
I tensorflow/core/common_runtime/bfc_allocator.cc:678] Chunk at 0x2314380900 of size 1024
I tensorflow/core/common_runtime/bfc_allocator.cc:678] Chunk at 0x2314380d00 of size 1024
I tensorflow/core/common_runtime/bfc_allocator.cc:678] Chunk at 0x2314381100 of size 1024
I tensorflow/core/common_runtime/bfc_allocator.cc:678] Chunk at 0x2314381500 of size 1024
I tensorflow/core/common_runtime/bfc_allocator.cc:678] Chunk at 0x2314381900 of size 256
I tensorflow/core/common_runtime/bfc_allocator.cc:678] Chunk at 0x2314381a00 of size 256
I tensorflow/core/common_runtime/bfc_allocator.cc:678] Chunk at 0x2314381b00 of size 1024
I tensorflow/core/common_runtime/bfc_allocator.cc:678] Chunk at 0x2314382300 of size 110283776
I tensorflow/core/common_runtime/bfc_allocator.cc:687] Free at 0x2314381f00 of size 1024
I tensorflow/core/common_runtime/bfc_allocator.cc:687] Free at 0x231acaef00 of size 11982871808
I tensorflow/core/common_runtime/bfc_allocator.cc:693]      Summary of in-use Chunks by size: 
I tensorflow/core/common_runtime/bfc_allocator.cc:696] 2 Chunks of size 256 totalling 512B
I tensorflow/core/common_runtime/bfc_allocator.cc:696] 6 Chunks of size 1024 totalling 6.0KiB
I tensorflow/core/common_runtime/bfc_allocator.cc:696] 1 Chunks of size 1280 totalling 1.2KiB
I tensorflow/core/common_runtime/bfc_allocator.cc:696] 1 Chunks of size 110283776 totalling 105.17MiB
I tensorflow/core/common_runtime/bfc_allocator.cc:700] Sum Total of in-use chunks: 105.18MiB
I tensorflow/core/common_runtime/bfc_allocator.cc:702] Stats: 
Limit:                 12093164749
InUse:                   110291712
MaxInUse:                248150528
NumAllocs:                      29
MaxAllocSize:            110283776

W tensorflow/core/common_runtime/bfc_allocator.cc:274] *___________________________________________________________________________________________________
W tensorflow/core/common_runtime/bfc_allocator.cc:275] Ran out of memory trying to allocate 20.54GiB.  See logs for memory state.
W tensorflow/core/framework/op_kernel.cc:975] Resource exhausted: OOM when allocating tensor with shape[200,27570928]
52209
44758
Traceback (most recent call last):
  File "/curc/sw/python/3.5.1/lib/python3.5/site-packages/tensorflow/python/client/session.py", line 1021, in _do_call
    return fn(*args)
  File "/curc/sw/python/3.5.1/lib/python3.5/site-packages/tensorflow/python/client/session.py", line 1003, in _run_fn
    status, run_metadata)
  File "/curc/sw/python/3.5.1/lib/python3.5/contextlib.py", line 66, in __exit__
    next(self.gen)
  File "/curc/sw/python/3.5.1/lib/python3.5/site-packages/tensorflow/python/framework/errors_impl.py", line 469, in raise_exception_on_not_ok_status
    pywrap_tensorflow.TF_GetCode(status))
tensorflow.python.framework.errors_impl.ResourceExhaustedError: OOM when allocating tensor with shape[200,27570928]
	 [[Node: auc/Tile = Tile[T=DT_FLOAT, Tmultiples=DT_INT32, _device="/job:localhost/replica:0/task:0/gpu:0"](auc/ExpandDims, auc/pack)]]
	 [[Node: auc/update_op/_9 = _Recv[client_terminated=false, recv_device="/job:localhost/replica:0/task:0/cpu:0", send_device="/job:localhost/replica:0/task:0/gpu:0", send_device_incarnation=1, tensor_name="edge_48_auc/update_op", tensor_type=DT_FLOAT, _device="/job:localhost/replica:0/task:0/cpu:0"]()]]

During handling of the above exception, another exception occurred:

Traceback (most recent call last):
  File "Baseline_auc.py", line 191, in <module>
    auc_out,opts_out = sess.run([auc,opts],feed_dict={y: y_tensor, pred: pred_tensor})
  File "/curc/sw/python/3.5.1/lib/python3.5/site-packages/tensorflow/python/client/session.py", line 766, in run
    run_metadata_ptr)
  File "/curc/sw/python/3.5.1/lib/python3.5/site-packages/tensorflow/python/client/session.py", line 964, in _run
    feed_dict_string, options, run_metadata)
  File "/curc/sw/python/3.5.1/lib/python3.5/site-packages/tensorflow/python/client/session.py", line 1014, in _do_run
    target_list, options, run_metadata)
  File "/curc/sw/python/3.5.1/lib/python3.5/site-packages/tensorflow/python/client/session.py", line 1034, in _do_call
    raise type(e)(node_def, op, message)
tensorflow.python.framework.errors_impl.ResourceExhaustedError: OOM when allocating tensor with shape[200,27570928]
	 [[Node: auc/Tile = Tile[T=DT_FLOAT, Tmultiples=DT_INT32, _device="/job:localhost/replica:0/task:0/gpu:0"](auc/ExpandDims, auc/pack)]]
	 [[Node: auc/update_op/_9 = _Recv[client_terminated=false, recv_device="/job:localhost/replica:0/task:0/cpu:0", send_device="/job:localhost/replica:0/task:0/gpu:0", send_device_incarnation=1, tensor_name="edge_48_auc/update_op", tensor_type=DT_FLOAT, _device="/job:localhost/replica:0/task:0/cpu:0"]()]]

Caused by op 'auc/Tile', defined at:
  File "Baseline_auc.py", line 187, in <module>
    auc,  opts = tf.contrib.metrics.streaming_auc(labels = y, predictions = pred, curve='ROC')
  File "/curc/sw/python/3.5.1/lib/python3.5/site-packages/tensorflow/contrib/metrics/python/ops/metric_ops.py", line 815, in streaming_auc
    fp_update_op) = _tp_fn_tn_fp(predictions, labels, thresholds, weights)
  File "/curc/sw/python/3.5.1/lib/python3.5/site-packages/tensorflow/contrib/metrics/python/ops/metric_ops.py", line 697, in _tp_fn_tn_fp
    array_ops.pack([1, num_predictions]))
  File "/curc/sw/python/3.5.1/lib/python3.5/site-packages/tensorflow/python/ops/gen_array_ops.py", line 3612, in tile
    name=name)
  File "/curc/sw/python/3.5.1/lib/python3.5/site-packages/tensorflow/python/framework/op_def_library.py", line 759, in apply_op
    op_def=op_def)
  File "/curc/sw/python/3.5.1/lib/python3.5/site-packages/tensorflow/python/framework/ops.py", line 2240, in create_op
    original_op=self._default_original_op, op_def=op_def)
  File "/curc/sw/python/3.5.1/lib/python3.5/site-packages/tensorflow/python/framework/ops.py", line 1128, in __init__
    self._traceback = _extract_stack()

ResourceExhaustedError (see above for traceback): OOM when allocating tensor with shape[200,27570928]
	 [[Node: auc/Tile = Tile[T=DT_FLOAT, Tmultiples=DT_INT32, _device="/job:localhost/replica:0/task:0/gpu:0"](auc/ExpandDims, auc/pack)]]
	 [[Node: auc/update_op/_9 = _Recv[client_terminated=false, recv_device="/job:localhost/replica:0/task:0/cpu:0", send_device="/job:localhost/replica:0/task:0/gpu:0", send_device_incarnation=1, tensor_name="edge_48_auc/update_op", tensor_type=DT_FLOAT, _device="/job:localhost/replica:0/task:0/cpu:0"]()]]

discarding /projects/akar9135/sample/bin from PATH
